<?xml version="1.0" encoding="UTF-8"?>
<testng-results ignored="0" total="1" passed="1" failed="0" skipped="0">
  <reporter-output>
  </reporter-output>
  <suite started-at="2020-06-26T21:40:32 BST" name="Default suite" finished-at="2020-06-26T21:40:37 BST" duration-ms="4705">
    <groups>
    </groups>
    <test started-at="2020-06-26T21:40:32 BST" name="Default test" finished-at="2020-06-26T21:40:37 BST" duration-ms="4705">
      <class name="POM_Tests.AppleSearchTest2_testNG_Demo">
        <test-method is-config="true" signature="setUpTest()[pri:0, instance:POM_Tests.AppleSearchTest2_testNG_Demo@d6e7bab]" started-at="2020-06-26T21:40:32 BST" name="setUpTest" finished-at="2020-06-26T21:40:34 BST" duration-ms="1712" status="PASS">
          <reporter-output>
          </reporter-output>
        </test-method> <!-- setUpTest -->
        <test-method signature="appleSearchTest()[pri:0, instance:POM_Tests.AppleSearchTest2_testNG_Demo@d6e7bab]" started-at="2020-06-26T21:40:34 BST" name="appleSearchTest" finished-at="2020-06-26T21:40:37 BST" duration-ms="2848" status="PASS">
          <reporter-output>
          </reporter-output>
        </test-method> <!-- appleSearchTest -->
        <test-method is-config="true" signature="tearDownTest()[pri:0, instance:POM_Tests.AppleSearchTest2_testNG_Demo@d6e7bab]" started-at="2020-06-26T21:40:37 BST" name="tearDownTest" finished-at="2020-06-26T21:40:37 BST" duration-ms="120" status="PASS">
          <reporter-output>
          </reporter-output>
        </test-method> <!-- tearDownTest -->
      </class> <!-- POM_Tests.AppleSearchTest2_testNG_Demo -->
    </test> <!-- Default test -->
  </suite> <!-- Default suite -->
</testng-results>
